<?xml version="1.0" encoding="UTF-8"?>
<robot generator="Robot 7.2.2 (Python 3.13.2 on linux)" generated="2025-04-01T13:45:21.572240" rpa="false" schemaversion="5">
<suite id="s1" name="S" source="/home/kuruteiru/repos/utb/robot-framework/s.robot">
<test id="s1-t1" name="TC_001 - Otevři browser chrome a jdi na adresu" line="11">
<kw name="Set Selenium Speed" owner="SeleniumLibrary">
<arg>0.2</arg>
<doc>Sets the delay that is waited after each Selenium command.</doc>
<status status="PASS" start="2025-04-01T13:45:21.708874" elapsed="0.000319"/>
</kw>
<kw name="Open Browser" owner="SeleniumLibrary">
<msg time="2025-04-01T13:45:21.709723" level="INFO">Opening browser 'Chrome' to base url 'https://www.google.com'.</msg>
<arg>${URL}</arg>
<arg>${ProhlizecChrome}</arg>
<doc>Opens a new browser instance to the optional ``url``.</doc>
<status status="PASS" start="2025-04-01T13:45:21.709469" elapsed="1.969934"/>
</kw>
<kw name="Sleep" owner="BuiltIn">
<msg time="2025-04-01T13:45:25.681179" level="INFO">Slept 2 seconds.</msg>
<arg>2</arg>
<doc>Pauses the test executed for the given time.</doc>
<status status="PASS" start="2025-04-01T13:45:23.680106" elapsed="2.001386"/>
</kw>
<kw name="Close All Browsers" owner="SeleniumLibrary">
<doc>Closes all open browsers and resets the browser cache.</doc>
<status status="PASS" start="2025-04-01T13:45:25.681997" elapsed="0.271088"/>
</kw>
<status status="PASS" start="2025-04-01T13:45:21.707616" elapsed="4.246009"/>
</test>
<status status="PASS" start="2025-04-01T13:45:21.573199" elapsed="4.381181"/>
</suite>
<statistics>
<total>
<stat pass="1" fail="0" skip="0">All Tests</stat>
</total>
<tag>
</tag>
<suite>
<stat name="S" id="s1" pass="1" fail="0" skip="0">S</stat>
</suite>
</statistics>
<errors>
</errors>
</robot>
